<?xml version="1.0" encoding="UTF-8"?>
<testng-results skipped="0" failed="0" ignored="0" total="1" passed="1">
  <reporter-output>
  </reporter-output>
  <suite name="Craftsvilla" duration-ms="71179" started-at="2019-11-15T16:21:30Z" finished-at="2019-11-15T16:22:41Z">
    <groups>
    </groups>
    <test name="Regression" duration-ms="71179" started-at="2019-11-15T16:21:30Z" finished-at="2019-11-15T16:22:41Z">
      <class name="com.craftsvilla.testcripts.LogInScripts">
        <test-method status="PASS" signature="openApplication(java.lang.String)[pri:0, instance:com.craftsvilla.testcripts.LogInScripts@6f7fd0e6]" name="openApplication" is-config="true" duration-ms="21560" started-at="2019-11-15T16:21:30Z" finished-at="2019-11-15T16:21:52Z">
          <params>
            <param index="0">
              <value>
                <![CDATA[chrome]]>
              </value>
            </param>
          </params>
          <reporter-output>
          </reporter-output>
        </test-method> <!-- openApplication -->
        <test-method status="PASS" signature="TC_01_login()[pri:0, instance:com.craftsvilla.testcripts.LogInScripts@6f7fd0e6]" name="TC_01_login" duration-ms="48184" started-at="2019-11-15T16:21:52Z" finished-at="2019-11-15T16:22:40Z">
          <reporter-output>
          </reporter-output>
        </test-method> <!-- TC_01_login -->
        <test-method status="PASS" signature="closeApplication()[pri:0, instance:com.craftsvilla.testcripts.LogInScripts@6f7fd0e6]" name="closeApplication" is-config="true" duration-ms="1347" started-at="2019-11-15T16:22:40Z" finished-at="2019-11-15T16:22:41Z">
          <reporter-output>
          </reporter-output>
        </test-method> <!-- closeApplication -->
      </class> <!-- com.craftsvilla.testcripts.LogInScripts -->
    </test> <!-- Regression -->
  </suite> <!-- Craftsvilla -->
</testng-results>
